<?xml version="1.0" encoding="UTF-8"?>
<testng-results ignored="0" total="2" passed="2" failed="0" skipped="0">
  <reporter-output>
  </reporter-output>
  <suite started-at="2022-02-27T13:04:17 AEST" name="Petstore Test Suite" finished-at="2022-02-27T13:04:27 AEST" duration-ms="10568">
    <groups>
    </groups>
    <test started-at="2022-02-27T13:04:17 AEST" name="LoginTest" finished-at="2022-02-27T13:04:27 AEST" duration-ms="10568">
      <class name="com.zert.java.poiexample.PetStoreTest">
        <test-method is-config="true" signature="beforeEachTestCase()[pri:0, instance:com.zert.java.poiexample.PetStoreTest@2d7275fc]" started-at="2022-02-27T13:04:17 AEST" name="beforeEachTestCase" finished-at="2022-02-27T13:04:20 AEST" duration-ms="3323" status="PASS">
          <reporter-output>
          </reporter-output>
        </test-method> <!-- beforeEachTestCase -->
        <test-method signature="LoginTest()[pri:0, instance:com.zert.java.poiexample.PetStoreTest@2d7275fc]" started-at="2022-02-27T13:04:20 AEST" name="LoginTest" finished-at="2022-02-27T13:04:23 AEST" duration-ms="3024" status="PASS">
          <reporter-output>
          </reporter-output>
        </test-method> <!-- LoginTest -->
        <test-method is-config="true" signature="afterEachTestCase()[pri:0, instance:com.zert.java.poiexample.PetStoreTest@2d7275fc]" started-at="2022-02-27T13:04:23 AEST" name="afterEachTestCase" finished-at="2022-02-27T13:04:23 AEST" duration-ms="3" status="PASS">
          <reporter-output>
          </reporter-output>
        </test-method> <!-- afterEachTestCase -->
        <test-method is-config="true" signature="beforeEachTestCase()[pri:0, instance:com.zert.java.poiexample.PetStoreTest@2d7275fc]" started-at="2022-02-27T13:04:23 AEST" name="beforeEachTestCase" finished-at="2022-02-27T13:04:26 AEST" duration-ms="2389" status="PASS">
          <reporter-output>
          </reporter-output>
        </test-method> <!-- beforeEachTestCase -->
        <test-method signature="Registration()[pri:0, instance:com.zert.java.poiexample.PetStoreTest@2d7275fc]" started-at="2022-02-27T13:04:26 AEST" name="Registration" finished-at="2022-02-27T13:04:27 AEST" duration-ms="1804" status="PASS">
          <reporter-output>
          </reporter-output>
        </test-method> <!-- Registration -->
        <test-method is-config="true" signature="afterEachTestCase()[pri:0, instance:com.zert.java.poiexample.PetStoreTest@2d7275fc]" started-at="2022-02-27T13:04:27 AEST" name="afterEachTestCase" finished-at="2022-02-27T13:04:27 AEST" duration-ms="0" status="PASS">
          <reporter-output>
          </reporter-output>
        </test-method> <!-- afterEachTestCase -->
      </class> <!-- com.zert.java.poiexample.PetStoreTest -->
    </test> <!-- LoginTest -->
  </suite> <!-- Petstore Test Suite -->
</testng-results>
